[2017-12-15 21:28:33,543] INFO org.github.dragos.vscode.Main$ - Starting server in /Users/wangsenyuan/Go
[2017-12-15 21:28:33,543] INFO org.github.dragos.vscode.Main$ - Starting server in /Users/wangsenyuan/Go
[2017-12-15 21:28:33,552] INFO org.github.dragos.vscode.Main$ - Classpath: /Users/wangsenyuan/.vscode/extensions/dragos.scala-lsp-0.2.2/coursier
[2017-12-15 21:28:33,552] INFO org.github.dragos.vscode.Main$ - Classpath: /Users/wangsenyuan/.vscode/extensions/dragos.scala-lsp-0.2.2/coursier
[2017-12-15 21:28:33,716] DEBUG langserver.core.MessageReader - Received headers:
Content-Length: 1171
[2017-12-15 21:28:33,716] DEBUG langserver.core.MessageReader - Received headers:
Content-Length: 1171
[2017-12-15 21:28:33,757] DEBUG langserver.core.Connection - Received {"jsonrpc":"2.0","id":0,"method":"initialize","params":{"processId":46734,"rootPath":"/Users/wangsenyuan/Go","rootUri":"file:///Users/wangsenyuan/Go","capabilities":{"workspace":{"applyEdit":true,"didChangeConfiguration":{"dynamicRegistration":false},"didChangeWatchedFiles":{"dynamicRegistration":false},"symbol":{"dynamicRegistration":true},"executeCommand":{"dynamicRegistration":true}},"textDocument":{"synchronization":{"dynamicRegistration":true,"willSave":true,"willSaveWaitUntil":true,"didSave":true},"completion":{"dynamicRegistration":true,"completionItem":{"snippetSupport":true}},"hover":{"dynamicRegistration":true},"signatureHelp":{"dynamicRegistration":true},"references":{"dynamicRegistration":true},"documentHighlight":{"dynamicRegistration":true},"documentSymbol":{"dynamicRegistration":true},"formatting":{"dynamicRegistration":true},"rangeFormatting":{"dynamicRegistration":true},"onTypeFormatting":{"dynamicRegistration":true},"definition":{"dynamicRegistration":true},"codeAction":{"dynamicRegistration":true},"codeLens":{"dynamicRegistration":true},"documentLink":{"dynamicRegistration":true},"rename":{"dynamicRegistration":true}}},"trace":"off"}}
[2017-12-15 21:28:33,757] DEBUG langserver.core.Connection - Received {"jsonrpc":"2.0","id":0,"method":"initialize","params":{"processId":46734,"rootPath":"/Users/wangsenyuan/Go","rootUri":"file:///Users/wangsenyuan/Go","capabilities":{"workspace":{"applyEdit":true,"didChangeConfiguration":{"dynamicRegistration":false},"didChangeWatchedFiles":{"dynamicRegistration":false},"symbol":{"dynamicRegistration":true},"executeCommand":{"dynamicRegistration":true}},"textDocument":{"synchronization":{"dynamicRegistration":true,"willSave":true,"willSaveWaitUntil":true,"didSave":true},"completion":{"dynamicRegistration":true,"completionItem":{"snippetSupport":true}},"hover":{"dynamicRegistration":true},"signatureHelp":{"dynamicRegistration":true},"references":{"dynamicRegistration":true},"documentHighlight":{"dynamicRegistration":true},"documentSymbol":{"dynamicRegistration":true},"formatting":{"dynamicRegistration":true},"rangeFormatting":{"dynamicRegistration":true},"onTypeFormatting":{"dynamicRegistration":true},"definition":{"dynamicRegistration":true},"codeAction":{"dynamicRegistration":true},"codeLens":{"dynamicRegistration":true},"documentLink":{"dynamicRegistration":true},"rename":{"dynamicRegistration":true}}},"trace":"off"}}
[2017-12-15 21:28:34,418] INFO org.github.dragos.vscode.EnsimeLanguageServer - Initialized with 46734, /Users/wangsenyuan/Go, ClientCapabilities()
[2017-12-15 21:28:34,418] INFO org.github.dragos.vscode.EnsimeLanguageServer - Initialized with 46734, /Users/wangsenyuan/Go, ClientCapabilities()
[2017-12-15 21:28:34,420] DEBUG org.github.dragos.vscode.EnsimeLanguageServer - ensime.config = "/Users/wangsenyuan/Go/.ensime" 
[2017-12-15 21:28:34,420] DEBUG org.github.dragos.vscode.EnsimeLanguageServer - ensime.config = "/Users/wangsenyuan/Go/.ensime" 
[2017-12-15 21:28:35,075] INFO akka.event.slf4j.Slf4jLogger - Slf4jLogger started
[2017-12-15 21:28:35,281] ERROR org.github.dragos.vscode.EnsimeLanguageServer - initializeEnsime Error: /Users/wangsenyuan/Go/.ensime
[2017-12-15 21:28:35,281] ERROR org.github.dragos.vscode.EnsimeLanguageServer - initializeEnsime Error: /Users/wangsenyuan/Go/.ensime
[2017-12-15 21:28:35,386] DEBUG langserver.core.MessageWriter - Content-Length: 146



{"jsonrpc":"2.0","method":"window/showMessage","params":{"tpe":1,"message":"No .ensime file in directory. Run `sbt ensimeConfig` to create one."}}
[2017-12-15 21:28:35,386] DEBUG langserver.core.MessageWriter - Content-Length: 146



{"jsonrpc":"2.0","method":"window/showMessage","params":{"tpe":1,"message":"No .ensime file in directory. Run `sbt ensimeConfig` to create one."}}
[2017-12-15 21:28:35,387] DEBUG langserver.core.MessageWriter - payload: {"jsonrpc":"2.0","method":"window/showMessage","params":{"tpe":1,"message":"No .ensime file in directory. Run `sbt ensimeConfig` to create one."}}
[2017-12-15 21:28:35,387] DEBUG langserver.core.MessageWriter - payload: {"jsonrpc":"2.0","method":"window/showMessage","params":{"tpe":1,"message":"No .ensime file in directory. Run `sbt ensimeConfig` to create one."}}
[2017-12-15 21:28:35,599] DEBUG langserver.core.MessageWriter - Content-Length: 441



{"jsonrpc":"2.0","result":{"capabilities":{"textDocumentSync":1,"hoverProvider":true,"completionProvider":{"resolveProvider":false,"triggerCharacters":["."]},"definitionProvider":true,"referencesProvider":false,"documentHighlightProvider":false,"documentSymbolProvider":true,"workspaceSymbolProvider":false,"codeActionProvider":false,"documentFormattingProvider":false,"documentRangeFormattingProvider":false,"renameProvider":false}},"id":0}
[2017-12-15 21:28:35,599] DEBUG langserver.core.MessageWriter - Content-Length: 441



{"jsonrpc":"2.0","result":{"capabilities":{"textDocumentSync":1,"hoverProvider":true,"completionProvider":{"resolveProvider":false,"triggerCharacters":["."]},"definitionProvider":true,"referencesProvider":false,"documentHighlightProvider":false,"documentSymbolProvider":true,"workspaceSymbolProvider":false,"codeActionProvider":false,"documentFormattingProvider":false,"documentRangeFormattingProvider":false,"renameProvider":false}},"id":0}
[2017-12-15 21:28:35,600] DEBUG langserver.core.MessageWriter - payload: {"jsonrpc":"2.0","result":{"capabilities":{"textDocumentSync":1,"hoverProvider":true,"completionProvider":{"resolveProvider":false,"triggerCharacters":["."]},"definitionProvider":true,"referencesProvider":false,"documentHighlightProvider":false,"documentSymbolProvider":true,"workspaceSymbolProvider":false,"codeActionProvider":false,"documentFormattingProvider":false,"documentRangeFormattingProvider":false,"renameProvider":false}},"id":0}
[2017-12-15 21:28:35,600] DEBUG langserver.core.MessageWriter - payload: {"jsonrpc":"2.0","result":{"capabilities":{"textDocumentSync":1,"hoverProvider":true,"completionProvider":{"resolveProvider":false,"triggerCharacters":["."]},"definitionProvider":true,"referencesProvider":false,"documentHighlightProvider":false,"documentSymbolProvider":true,"workspaceSymbolProvider":false,"codeActionProvider":false,"documentFormattingProvider":false,"documentRangeFormattingProvider":false,"renameProvider":false}},"id":0}
[2017-12-15 21:28:35,602] DEBUG langserver.core.MessageReader - Received headers:
Content-Length: 52
[2017-12-15 21:28:35,602] DEBUG langserver.core.MessageReader - Received headers:
Content-Length: 52
[2017-12-15 21:28:35,604] DEBUG langserver.core.Connection - Received {"jsonrpc":"2.0","method":"initialized","params":{}}
[2017-12-15 21:28:35,604] DEBUG langserver.core.Connection - Received {"jsonrpc":"2.0","method":"initialized","params":{}}
[2017-12-15 21:28:35,622] ERROR org.github.dragos.vscode.EnsimeLanguageServer - Unknown notification Initialized()
[2017-12-15 21:28:35,622] ERROR org.github.dragos.vscode.EnsimeLanguageServer - Unknown notification Initialized()
